<?xml version="1.0" encoding="UTF-8"?>
<!-- Generated by org.testng.reporters.JUnitXMLReporter -->
<testsuite ignored="0" hostname="naimchowdhury-pc" failures="0" tests="1" name="Regression" time="1.197" errors="0" timestamp="2022-02-23T20:06:11 EST">
  <testcase classname="common.Utility" name="@BeforeMethod beforeMethod" time="1.163">
    <failure type="org.openqa.selenium.SessionNotCreatedException" message="session not created: This version of ChromeDriver only supports Chrome version 96
Current browser version is 98.0.4758.102 with binary path C:\Program Files\Google\Chrome\Application\chrome.exe
Build info: version: &amp;apos;3.141.59&amp;apos;, revision: &amp;apos;e82be7d358&amp;apos;, time: &amp;apos;2018-11-14T08:17:03&amp;apos;
System info: host: &amp;apos;NAIMCHOWDHURY-P&amp;apos;, ip: &amp;apos;10.0.0.2&amp;apos;, os.name: &amp;apos;Windows 10&amp;apos;, os.arch: &amp;apos;amd64&amp;apos;, os.version: &amp;apos;10.0&amp;apos;, java.version: &amp;apos;17&amp;apos;
Driver info: driver.version: ChromeDriver
remote stacktrace: Backtrace:
	Ordinal0 [0x01186903+2517251]
	Ordinal0 [0x0111F8E1+2095329]
	Ordinal0 [0x01022848+1058888]
	Ordinal0 [0x01040B9D+1182621]
	Ordinal0 [0x0103CA60+1165920]
	Ordinal0 [0x0103A2CF+1155791]
	Ordinal0 [0x0106AAAF+1354415]
	Ordinal0 [0x0106A71A+1353498]
	Ordinal0 [0x0106639B+1336219]
	Ordinal0 [0x010427A7+1189799]
	Ordinal0 [0x01043609+1193481]
	GetHandleVerifier [0x01315904+1577972]
	GetHandleVerifier [0x013C0B97+2279047]
	GetHandleVerifier [0x01216D09+534521]
	GetHandleVerifier [0x01215DB9+530601]
	Ordinal0 [0x01124FF9+2117625]
	Ordinal0 [0x011298A8+2136232]
	Ordinal0 [0x011299E2+2136546]
	Ordinal0 [0x01133541+2176321]
	BaseThreadInitThunk [0x75C66739+25]
	RtlGetFullPathName_UEx [0x77D18E7F+1215]
	RtlGetFullPathName_UEx [0x77D18E4D+1165]
">
      <![CDATA[org.openqa.selenium.SessionNotCreatedException: session not created: This version of ChromeDriver only supports Chrome version 96
Current browser version is 98.0.4758.102 with binary path C:\Program Files\Google\Chrome\Application\chrome.exe
Build info: version: '3.141.59', revision: 'e82be7d358', time: '2018-11-14T08:17:03'
System info: host: 'NAIMCHOWDHURY-P', ip: '10.0.0.2', os.name: 'Windows 10', os.arch: 'amd64', os.version: '10.0', java.version: '17'
Driver info: driver.version: ChromeDriver
remote stacktrace: Backtrace:
Ordinal0 [0x01186903+2517251]
Ordinal0 [0x0111F8E1+2095329]
Ordinal0 [0x01022848+1058888]
Ordinal0 [0x01040B9D+1182621]
Ordinal0 [0x0103CA60+1165920]
Ordinal0 [0x0103A2CF+1155791]
Ordinal0 [0x0106AAAF+1354415]
Ordinal0 [0x0106A71A+1353498]
Ordinal0 [0x0106639B+1336219]
Ordinal0 [0x010427A7+1189799]
Ordinal0 [0x01043609+1193481]
GetHandleVerifier [0x01315904+1577972]
GetHandleVerifier [0x013C0B97+2279047]
GetHandleVerifier [0x01216D09+534521]
GetHandleVerifier [0x01215DB9+530601]
Ordinal0 [0x01124FF9+2117625]
Ordinal0 [0x011298A8+2136232]
Ordinal0 [0x011299E2+2136546]
Ordinal0 [0x01133541+2176321]
BaseThreadInitThunk [0x75C66739+25]
RtlGetFullPathName_UEx [0x77D18E7F+1215]
RtlGetFullPathName_UEx [0x77D18E4D+1165]

at org.openqa.selenium.remote.W3CHandshakeResponse.lambda$errorHandler$0(W3CHandshakeResponse.java:62)
at org.openqa.selenium.remote.HandshakeResponse.lambda$getResponseFunction$0(HandshakeResponse.java:30)
at org.openqa.selenium.remote.ProtocolHandshake.lambda$createSession$0(ProtocolHandshake.java:126)
at java.base/java.util.stream.ReferencePipeline$3$1.accept(ReferencePipeline.java:197)
at java.base/java.util.Spliterators$ArraySpliterator.tryAdvance(Spliterators.java:1002)
at java.base/java.util.stream.ReferencePipeline.forEachWithCancel(ReferencePipeline.java:129)
at java.base/java.util.stream.AbstractPipeline.copyIntoWithCancel(AbstractPipeline.java:527)
at java.base/java.util.stream.AbstractPipeline.copyInto(AbstractPipeline.java:513)
at java.base/java.util.stream.AbstractPipeline.wrapAndCopyInto(AbstractPipeline.java:499)
at java.base/java.util.stream.FindOps$FindOp.evaluateSequential(FindOps.java:150)
at java.base/java.util.stream.AbstractPipeline.evaluate(AbstractPipeline.java:234)
at java.base/java.util.stream.ReferencePipeline.findFirst(ReferencePipeline.java:647)
at org.openqa.selenium.remote.ProtocolHandshake.createSession(ProtocolHandshake.java:128)
at org.openqa.selenium.remote.ProtocolHandshake.createSession(ProtocolHandshake.java:74)
at org.openqa.selenium.remote.HttpCommandExecutor.execute(HttpCommandExecutor.java:136)
at org.openqa.selenium.remote.service.DriverCommandExecutor.execute(DriverCommandExecutor.java:83)
at org.openqa.selenium.remote.RemoteWebDriver.execute(RemoteWebDriver.java:552)
at org.openqa.selenium.remote.RemoteWebDriver.startSession(RemoteWebDriver.java:213)
at org.openqa.selenium.remote.RemoteWebDriver.<init>(RemoteWebDriver.java:131)
at org.openqa.selenium.chrome.ChromeDriver.<init>(ChromeDriver.java:181)
at org.openqa.selenium.chrome.ChromeDriver.<init>(ChromeDriver.java:168)
at org.openqa.selenium.chrome.ChromeDriver.<init>(ChromeDriver.java:123)
at common.Utility.beforeMethod(Utility.java:17)
at java.base/java.util.ArrayList.forEach(ArrayList.java:1511)
... Removed 36 stack frames]]>
    </failure>
  </testcase> <!-- @BeforeMethod beforeMethod -->
  <testcase classname="common.Utility" name="@AfterMethod afterMethod" time="-1.645664771752E9">
    <skipped/>
  </testcase> <!-- @AfterMethod afterMethod -->
  <testcase classname="bootcamp2022.mavenproject.homedepottest" name="f" time="0.0">
    <skipped/>
  </testcase> <!-- f -->
</testsuite> <!-- Regression -->
